[debug] [2022-11-26T14:59:59.592Z] ----------------------------------------------------------------------
[debug] [2022-11-26T14:59:59.594Z] Command:       C:\Program Files\nodejs\node.exe C:\Users\MAHADI\AppData\Roaming\npm\node_modules\firebase-tools\lib\bin\firebase.js init
[debug] [2022-11-26T14:59:59.595Z] CLI Version:   11.8.1
[debug] [2022-11-26T14:59:59.595Z] Platform:      win32
[debug] [2022-11-26T14:59:59.595Z] Node Version:  v16.18.0
[debug] [2022-11-26T14:59:59.598Z] Time:          Sat Nov 26 2022 15:59:59 GMT+0100 (West Africa Standard Time)
[debug] [2022-11-26T14:59:59.598Z] ----------------------------------------------------------------------
[debug] 
[debug] [2022-11-26T14:59:59.609Z] > command requires scopes: ["email","openid","https://www.googleapis.com/auth/cloudplatformprojects.readonly","https://www.googleapis.com/auth/firebase","https://www.googleapis.com/auth/cloud-platform"]
[debug] [2022-11-26T14:59:59.610Z] > authorizing via signed-in user (mamt4real@gmail.com)
[info] 
     ######## #### ########  ######## ########     ###     ######  ########
     ##        ##  ##     ## ##       ##     ##  ##   ##  ##       ##
     ######    ##  ########  ######   ########  #########  ######  ######
     ##        ##  ##    ##  ##       ##     ## ##     ##       ## ##
     ##       #### ##     ## ######## ########  ##     ##  ######  ########

You're about to initialize a Firebase project in this directory:

  C:\Users\MAHADI\Documents\GitHub\invoice_app

[info] 
=== Project Setup
[info] 
[info] First, let's associate this project directory with a Firebase project.
[info] You can create multiple project aliases by running firebase use --add, 
[info] but for now we'll just set up a default project.
[info] 
[info] i  If you want to create a project in a Google Cloud organization or folder, please use "firebase projects:create" instead, and return to this command when you've created the project. 
[debug] [2022-11-26T15:00:29.613Z] > refreshing access token with scopes: []
[debug] [2022-11-26T15:00:29.621Z] >>> [apiv2][query] POST https://www.googleapis.com/oauth2/v3/token [none]
[debug] [2022-11-26T15:00:29.622Z] >>> [apiv2][body] POST https://www.googleapis.com/oauth2/v3/token [omitted]
[debug] [2022-11-26T15:00:30.311Z] <<< [apiv2][status] POST https://www.googleapis.com/oauth2/v3/token 200
[debug] [2022-11-26T15:00:30.312Z] <<< [apiv2][body] POST https://www.googleapis.com/oauth2/v3/token [omitted]
[debug] [2022-11-26T15:00:30.524Z] >>> [apiv2][query] POST https://cloudresourcemanager.googleapis.com/v1/projects [none]
[debug] [2022-11-26T15:00:30.525Z] >>> [apiv2][body] POST https://cloudresourcemanager.googleapis.com/v1/projects {"projectId":"alfikra-invoice","name":"alfikra-invoice"}
[debug] [2022-11-26T15:00:32.028Z] <<< [apiv2][status] POST https://cloudresourcemanager.googleapis.com/v1/projects 200
[debug] [2022-11-26T15:00:32.029Z] <<< [apiv2][body] POST https://cloudresourcemanager.googleapis.com/v1/projects {"name":"operations/cp.9067028717008003677"}
[debug] [2022-11-26T15:00:32.031Z] >>> [apiv2][query] GET https://cloudresourcemanager.googleapis.com/v1/operations/cp.9067028717008003677 [none]
[debug] [2022-11-26T15:00:33.328Z] <<< [apiv2][status] GET https://cloudresourcemanager.googleapis.com/v1/operations/cp.9067028717008003677 200
[debug] [2022-11-26T15:00:33.329Z] <<< [apiv2][body] GET https://cloudresourcemanager.googleapis.com/v1/operations/cp.9067028717008003677 {"name":"operations/cp.9067028717008003677"}
[debug] [2022-11-26T15:00:33.841Z] [Project Creation Poller] Retrying task index 0
[debug] [2022-11-26T15:00:33.846Z] >>> [apiv2][query] GET https://cloudresourcemanager.googleapis.com/v1/operations/cp.9067028717008003677 [none]
[debug] [2022-11-26T15:00:35.198Z] <<< [apiv2][status] GET https://cloudresourcemanager.googleapis.com/v1/operations/cp.9067028717008003677 200
[debug] [2022-11-26T15:00:35.199Z] <<< [apiv2][body] GET https://cloudresourcemanager.googleapis.com/v1/operations/cp.9067028717008003677 {"name":"operations/cp.9067028717008003677","metadata":{"@type":"type.googleapis.com/google.cloudresourcemanager.v1.ProjectCreationStatus","gettable":true}}
[debug] [2022-11-26T15:00:36.212Z] [Project Creation Poller] Retrying task index 0
[debug] [2022-11-26T15:00:36.212Z] >>> [apiv2][query] GET https://cloudresourcemanager.googleapis.com/v1/operations/cp.9067028717008003677 [none]
[debug] [2022-11-26T15:00:37.524Z] <<< [apiv2][status] GET https://cloudresourcemanager.googleapis.com/v1/operations/cp.9067028717008003677 200
[debug] [2022-11-26T15:00:37.524Z] <<< [apiv2][body] GET https://cloudresourcemanager.googleapis.com/v1/operations/cp.9067028717008003677 {"name":"operations/cp.9067028717008003677","metadata":{"@type":"type.googleapis.com/google.cloudresourcemanager.v1.ProjectCreationStatus","gettable":true,"ready":true},"done":true,"response":{"@type":"type.googleapis.com/google.cloudresourcemanager.v1.Project","projectNumber":"662471360909","projectId":"alfikra-invoice","lifecycleState":"ACTIVE","name":"alfikra-invoice","createTime":"2022-11-26T15:00:34.925Z"}}
[debug] [2022-11-26T15:00:37.527Z] >>> [apiv2][query] POST https://firebase.googleapis.com/v1beta1/projects/alfikra-invoice:addFirebase [none]
[debug] [2022-11-26T15:00:41.329Z] <<< [apiv2][status] POST https://firebase.googleapis.com/v1beta1/projects/alfikra-invoice:addFirebase 200
[debug] [2022-11-26T15:00:41.329Z] <<< [apiv2][body] POST https://firebase.googleapis.com/v1beta1/projects/alfikra-invoice:addFirebase {"name":"operations/workflows/OWE1MjUyMDItY2MyZS00MzY1LTg1MGEtN2ZjZmNlMmQ0M2Q5"}
[debug] [2022-11-26T15:00:41.330Z] >>> [apiv2][query] GET https://firebase.googleapis.com/v1beta1/operations/workflows/OWE1MjUyMDItY2MyZS00MzY1LTg1MGEtN2ZjZmNlMmQ0M2Q5 [none]
[debug] [2022-11-26T15:00:42.606Z] <<< [apiv2][status] GET https://firebase.googleapis.com/v1beta1/operations/workflows/OWE1MjUyMDItY2MyZS00MzY1LTg1MGEtN2ZjZmNlMmQ0M2Q5 200
[debug] [2022-11-26T15:00:42.607Z] <<< [apiv2][body] GET https://firebase.googleapis.com/v1beta1/operations/workflows/OWE1MjUyMDItY2MyZS00MzY1LTg1MGEtN2ZjZmNlMmQ0M2Q5 {"name":"operations/workflows/OWE1MjUyMDItY2MyZS00MzY1LTg1MGEtN2ZjZmNlMmQ0M2Q5"}
[debug] [2022-11-26T15:00:43.112Z] [Add Firebase Poller] Retrying task index 0
[debug] [2022-11-26T15:00:43.114Z] >>> [apiv2][query] GET https://firebase.googleapis.com/v1beta1/operations/workflows/OWE1MjUyMDItY2MyZS00MzY1LTg1MGEtN2ZjZmNlMmQ0M2Q5 [none]
[debug] [2022-11-26T15:00:44.287Z] <<< [apiv2][status] GET https://firebase.googleapis.com/v1beta1/operations/workflows/OWE1MjUyMDItY2MyZS00MzY1LTg1MGEtN2ZjZmNlMmQ0M2Q5 200
[debug] [2022-11-26T15:00:44.287Z] <<< [apiv2][body] GET https://firebase.googleapis.com/v1beta1/operations/workflows/OWE1MjUyMDItY2MyZS00MzY1LTg1MGEtN2ZjZmNlMmQ0M2Q5 {"name":"operations/workflows/OWE1MjUyMDItY2MyZS00MzY1LTg1MGEtN2ZjZmNlMmQ0M2Q5"}
[debug] [2022-11-26T15:00:45.293Z] [Add Firebase Poller] Retrying task index 0
[debug] [2022-11-26T15:00:45.294Z] >>> [apiv2][query] GET https://firebase.googleapis.com/v1beta1/operations/workflows/OWE1MjUyMDItY2MyZS00MzY1LTg1MGEtN2ZjZmNlMmQ0M2Q5 [none]
[debug] [2022-11-26T15:00:46.416Z] <<< [apiv2][status] GET https://firebase.googleapis.com/v1beta1/operations/workflows/OWE1MjUyMDItY2MyZS00MzY1LTg1MGEtN2ZjZmNlMmQ0M2Q5 200
[debug] [2022-11-26T15:00:46.416Z] <<< [apiv2][body] GET https://firebase.googleapis.com/v1beta1/operations/workflows/OWE1MjUyMDItY2MyZS00MzY1LTg1MGEtN2ZjZmNlMmQ0M2Q5 {"name":"operations/workflows/OWE1MjUyMDItY2MyZS00MzY1LTg1MGEtN2ZjZmNlMmQ0M2Q5"}
[debug] [2022-11-26T15:00:48.416Z] [Add Firebase Poller] Retrying task index 0
[debug] [2022-11-26T15:00:48.417Z] >>> [apiv2][query] GET https://firebase.googleapis.com/v1beta1/operations/workflows/OWE1MjUyMDItY2MyZS00MzY1LTg1MGEtN2ZjZmNlMmQ0M2Q5 [none]
[debug] [2022-11-26T15:00:49.595Z] <<< [apiv2][status] GET https://firebase.googleapis.com/v1beta1/operations/workflows/OWE1MjUyMDItY2MyZS00MzY1LTg1MGEtN2ZjZmNlMmQ0M2Q5 200
[debug] [2022-11-26T15:00:49.595Z] <<< [apiv2][body] GET https://firebase.googleapis.com/v1beta1/operations/workflows/OWE1MjUyMDItY2MyZS00MzY1LTg1MGEtN2ZjZmNlMmQ0M2Q5 {"name":"operations/workflows/OWE1MjUyMDItY2MyZS00MzY1LTg1MGEtN2ZjZmNlMmQ0M2Q5"}
[debug] [2022-11-26T15:00:53.608Z] [Add Firebase Poller] Retrying task index 0
[debug] [2022-11-26T15:00:53.609Z] >>> [apiv2][query] GET https://firebase.googleapis.com/v1beta1/operations/workflows/OWE1MjUyMDItY2MyZS00MzY1LTg1MGEtN2ZjZmNlMmQ0M2Q5 [none]
[debug] [2022-11-26T15:00:54.531Z] <<< [apiv2][status] GET https://firebase.googleapis.com/v1beta1/operations/workflows/OWE1MjUyMDItY2MyZS00MzY1LTg1MGEtN2ZjZmNlMmQ0M2Q5 200
[debug] [2022-11-26T15:00:54.531Z] <<< [apiv2][body] GET https://firebase.googleapis.com/v1beta1/operations/workflows/OWE1MjUyMDItY2MyZS00MzY1LTg1MGEtN2ZjZmNlMmQ0M2Q5 {"name":"operations/workflows/OWE1MjUyMDItY2MyZS00MzY1LTg1MGEtN2ZjZmNlMmQ0M2Q5","done":true,"response":{"@type":"type.googleapis.com/google.firebase.service.v1beta1.FirebaseProject","projectId":"alfikra-invoice","projectNumber":"662471360909","displayName":"alfikra-invoice","name":"projects/alfikra-invoice","resources":{"hostingSite":"alfikra-invoice"}}}
[info] 
[info] === Your Firebase project is ready! ===
[info] 
[info] Project information:
[info]    - Project ID: alfikra-invoice
[info]    - Project Name: alfikra-invoice
[info] 
[info] Firebase console is available at
[info] https://console.firebase.google.com/project/alfikra-invoice/overview
[info] i  Using project alfikra-invoice (alfikra-invoice) 
[info] 
=== Hosting Setup
[info] 
[info] Your public directory is the folder (relative to your project directory) that
[info] will contain Hosting assets to be uploaded with firebase deploy. If you
[info] have a build process for your assets, use your build's output directory.
[info] 
[debug] [2022-11-26T15:01:23.772Z] >>> [apiv2][query] GET https://www.gstatic.com/firebasejs/releases.json [none]
[debug] [2022-11-26T15:01:24.346Z] <<< [apiv2][status] GET https://www.gstatic.com/firebasejs/releases.json 200
[debug] [2022-11-26T15:01:24.347Z] <<< [apiv2][body] GET https://www.gstatic.com/firebasejs/releases.json {"current":{"version":"9.14.0","browserURL":"https://www.gstatic.com/firebasejs/9.14.0/firebase.js","packageURL":"https://www.gstatic.com/firebasejs/9.14.0/firebase.tgz"},"live":{"version":"9.14","browserURL":"https://www.gstatic.com/firebasejs/live/9.14/firebase.js","packageURL":"https://www.gstatic.com/firebasejs/live/9.14/firebase.tgz"},"components":{"analytics":"https://www.gstatic.com/firebasejs/9.14.0/firebase-analytics.js","app":"https://www.gstatic.com/firebasejs/9.14.0/firebase-app.js","app-check":"https://www.gstatic.com/firebasejs/9.14.0/firebase-app-check.js","auth":"https://www.gstatic.com/firebasejs/9.14.0/firebase-auth.js","auth/cordova":"https://www.gstatic.com/firebasejs/9.14.0/firebase-auth/cordova.js","auth/react-native":"https://www.gstatic.com/firebasejs/9.14.0/firebase-auth/react-native.js","functions":"https://www.gstatic.com/firebasejs/9.14.0/firebase-functions.js","firestore":"https://www.gstatic.com/firebasejs/9.14.0/firebase-firestore.js","firestore/lite":"https://www.gstatic.com/firebasejs/9.14.0/firebase-firestore/lite.js","installations":"https://www.gstatic.com/firebasejs/9.14.0/firebase-installations.js","storage":"https://www.gstatic.com/firebasejs/9.14.0/firebase-storage.js","performance":"https://www.gstatic.com/firebasejs/9.14.0/firebase-performance.js","remote-config":"https://www.gstatic.com/firebasejs/9.14.0/firebase-remote-config.js","messaging":"https://www.gstatic.com/firebasejs/9.14.0/firebase-messaging.js","messaging/sw":"https://www.gstatic.com/firebasejs/9.14.0/firebase-messaging/sw.js","database":"https://www.gstatic.com/firebasejs/9.14.0/firebase-database.js","firestore.memory":"https://www.gstatic.com/firebasejs/9.14.0/firebase-firestore.memory.js"}}
[info] +  Wrote build/index.html 
[info] 
[info] i  Didn't detect a .git folder. Assuming C:\Users\MAHADI\Documents\GitHub\invoice_app is the project root. 
[info] i  Authorizing with GitHub to upload your service account to a GitHub repository's secrets store. 
[info] 
[info] Visit this URL on this device to log in:
[info] https://github.com/login/oauth/authorize?client_id=89cf50f02ac6aaed3484&state=463859657&redirect_uri=http%3A%2F%2Flocalhost%3A9005&scope=read%3Auser%20repo%20public_repo
[info] 
[info] Waiting for authentication...
[debug] [2022-11-26T15:01:30.415Z] >>> [apiv2][query] POST https://github.com/login/oauth/access_token [none]
[debug] [2022-11-26T15:01:30.415Z] >>> [apiv2][body] POST https://github.com/login/oauth/access_token [stream]
[debug] [2022-11-26T15:01:31.246Z] <<< [apiv2][status] POST https://github.com/login/oauth/access_token 200
[debug] [2022-11-26T15:01:31.247Z] <<< [apiv2][body] POST https://github.com/login/oauth/access_token {"access_token":"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","token_type":"bearer","scope":"read:user,repo"}
[debug] [2022-11-26T15:01:31.515Z] >>> [apiv2][query] GET https://api.github.com/user [none]
[debug] [2022-11-26T15:01:32.475Z] <<< [apiv2][status] GET https://api.github.com/user 200
[debug] [2022-11-26T15:01:32.475Z] <<< [apiv2][body] GET https://api.github.com/user {"login":"mamt4real","id":61785589,"node_id":"MDQ6VXNlcjYxNzg1NTg5","avatar_url":"https://avatars.githubusercontent.com/u/61785589?v=4","gravatar_id":"","url":"https://api.github.com/users/mamt4real","html_url":"https://github.com/mamt4real","followers_url":"https://api.github.com/users/mamt4real/followers","following_url":"https://api.github.com/users/mamt4real/following{/other_user}","gists_url":"https://api.github.com/users/mamt4real/gists{/gist_id}","starred_url":"https://api.github.com/users/mamt4real/starred{/owner}{/repo}","subscriptions_url":"https://api.github.com/users/mamt4real/subscriptions","organizations_url":"https://api.github.com/users/mamt4real/orgs","repos_url":"https://api.github.com/users/mamt4real/repos","events_url":"https://api.github.com/users/mamt4real/events{/privacy}","received_events_url":"https://api.github.com/users/mamt4real/received_events","type":"User","site_admin":false,"name":"MAHADI ABUHURAIRA","company":"AAIT","blog":"https://mamt4real.web.app","location":"ZARIA","email":null,"hireable":null,"bio":"I am Mahadi Abuhuraira a computer scientist, a mathematician, a programmer and a problem solver.","twitter_username":"mamt4real","public_repos":28,"public_gists":0,"followers":77,"following":65,"created_at":"2020-03-04T11:49:12Z","updated_at":"2022-11-23T10:06:47Z","private_gists":0,"total_private_repos":4,"owned_private_repos":4,"disk_usage":26386,"collaborators":1,"two_factor_authentication":true,"plan":{"name":"free","space":976562499,"collaborators":0,"private_repos":10000}}
[info] 
[info] +  Success! Logged into GitHub as mamt4real 
[info] 
